<?xml version="1.0" encoding="UTF-8"?>
<!-- Generated by org.testng.reporters.JUnitReportReporter -->
<testsuite hostname="LAPTOP-0SU5KMDH" failures="0" tests="1" name="TestNGBasic.IfElseBrowser" time="6.993" errors="0" timestamp="2021-05-05T20:32:41 IST" skipped="0">
  <testcase classname="TestNGBasic.IfElseBrowser" name="browser" time="6.993"/>
  <system-out/>
</testsuite> <!-- TestNGBasic.IfElseBrowser -->
