<?xml version="1.0" encoding="UTF-8"?>
<!-- Generated by org.testng.reporters.JUnitReportReporter -->
<testsuite hostname="LAPTOP-0SU5KMDH" failures="0" tests="3" name="basic.TestNgClass" time="0.019" errors="0" timestamp="2021-04-10T18:44:55 IST" skipped="0">
  <testcase classname="basic.TestNgClass" name="testcase2" time="0.004"/>
  <system-out/>
  <testcase classname="basic.TestNgClass" name="testcase3" time="0.004"/>
  <system-out/>
  <testcase classname="basic.TestNgClass" name="testcase1" time="0.011"/>
  <system-out/>
</testsuite> <!-- basic.TestNgClass -->
