<?xml version="1.0" encoding="UTF-8"?>
<!-- Generated by org.testng.reporters.JUnitReportReporter -->
<testsuite hostname="LAPTOP-0SU5KMDH" failures="0" tests="2" name="TestNGBasic.Priority" time="0.021" errors="0" timestamp="2021-04-21T22:29:22 IST" skipped="0">
  <testcase classname="TestNGBasic.Priority" name="deletemp" time="0.009"/>
  <system-out/>
  <testcase classname="TestNGBasic.Priority" name="addemp" time="0.012"/>
  <system-out/>
</testsuite> <!-- TestNGBasic.Priority -->
