<?xml version="1.0" encoding="UTF-8"?>
<!-- Generated by org.testng.reporters.JUnitReportReporter -->
<testsuite hostname="LAPTOP-0SU5KMDH" failures="0" tests="1" name="TestNGBasic.Mouseaction" time="33.511" errors="0" timestamp="2021-05-05T20:52:11 IST" skipped="0">
  <testcase classname="TestNGBasic.Mouseaction" name="mouse" time="33.511"/>
  <system-out/>
</testsuite> <!-- TestNGBasic.Mouseaction -->
