<?xml version="1.0" encoding="UTF-8"?>
<!-- Generated by org.testng.reporters.JUnitReportReporter -->
<testsuite hostname="LAPTOP-0SU5KMDH" failures="0" tests="1" name="TestNGBasic.DemoProject" time="14.081" errors="0" timestamp="2021-05-04T09:49:02 IST" skipped="0">
  <testcase classname="TestNGBasic.DemoProject" name="test" time="14.081"/>
  <system-out/>
</testsuite> <!-- TestNGBasic.DemoProject -->
